<?xml version="1.0" encoding="UTF-8"?>
<!-- Generated by org.testng.reporters.JUnitReportReporter -->
<testsuite name="maventest.Maveng" tests="1" time="3.331" ignored="0" failures="0" timestamp="03 May 2017 16:27:08 GMT" skipped="0" hostname="anish" errors="0">
  <testcase name="TestingGIT" time="3.331" classname="maventest.Maveng"/>
</testsuite> <!-- maventest.Maveng -->
