<?xml version="1.0" encoding="UTF-8"?>
<!-- Generated by org.testng.reporters.JUnitReportReporter -->
<testsuite name="maventest.Maveng" tests="2" time="4.181" ignored="0" failures="0" timestamp="16 May 2017 11:07:14 GMT" skipped="0" hostname="anish" errors="0">
  <testcase name="TestingGIT" time="1.847" classname="maventest.Maveng"/>
  <testcase name="adding" time="2.334" classname="maventest.Maveng"/>
</testsuite> <!-- maventest.Maveng -->
