<?xml version="1.0" encoding="UTF-8"?>
<!-- Generated by org.testng.reporters.JUnitReportReporter -->
<testsuite hostname="anish" name="maventest.Maveng" tests="1" failures="0" timestamp="4 May 2017 04:59:59 GMT" time="2.120" errors="0">
  <testcase name="TestingGIT" time="2.120" classname="maventest.Maveng"/>
</testsuite> <!-- maventest.Maveng -->
