<?xml version="1.0" encoding="UTF-8"?>
<!-- Generated by org.testng.reporters.JUnitReportReporter -->
<testsuite hostname="anish" name="maventest.Maveng" tests="1" failures="0" timestamp="3 May 2017 18:16:34 GMT" time="1.834" errors="0">
  <testcase name="TestingGIT" time="1.834" classname="maventest.Maveng"/>
</testsuite> <!-- maventest.Maveng -->
